# JRE version: Java(TM) SE Runtime Environment (17.0.7+8) (build 17.0.7+8-LTS-224)
# Java VM: Java HotSpot(TM) 64-Bit Server VM (17.0.7+8-LTS-224, mixed mode, sharing, tiered, compressed oops, compressed class ptrs, g1 gc, windows-amd64)
GC Precious Log:
 CPUs: 2 total, 2 available
 Memory: 4060M
 Large Page Support: Disabled
 NUMA Support: Disabled
 Compressed Oops: Enabled (32-bit)
 Heap Region Size: 1M
 Heap Min Capacity: 8M
 Heap Initial Capacity: 64M
 Heap Max Capacity: 1016M
 Pre-touch: Disabled
 Parallel Workers: 2
 Concurrent Workers: 1
 Concurrent Refinement Workers: 2
 Periodic GC: Disabled
Heap:
 garbage-first heap   total 132096K, used 80858K [0x00000000c0800000, 0x0000000100000000)
  region size 1024K, 5 young (5120K), 2 survivors (2048K)
 Metaspace       used 62886K, committed 63104K, reserved 1105920K
  class space    used 7003K, committed 7104K, reserved 1048576K
GC Heap History (20 events):
Event: 31.811 GC heap before
{Heap before GC invocations=29 (full 0):
 garbage-first heap   total 101376K, used 81807K [0x00000000c0800000, 0x0000000100000000)
  region size 1024K, 20 young (20480K), 3 survivors (3072K)
 Metaspace       used 57074K, committed 57344K, reserved 1105920K
  class space    used 6593K, committed 6720K, reserved 1048576K
}
Event: 31.821 GC heap after
{Heap after GC invocations=30 (full 0):
 garbage-first heap   total 101376K, used 66408K [0x00000000c0800000, 0x0000000100000000)
  region size 1024K, 2 young (2048K), 2 survivors (2048K)
 Metaspace       used 57074K, committed 57344K, reserved 1105920K
  class space    used 6593K, committed 6720K, reserved 1048576K
}
Event: 37.024 GC heap before
{Heap before GC invocations=30 (full 0):
 garbage-first heap   total 101376K, used 82792K [0x00000000c0800000, 0x0000000100000000)
  region size 1024K, 18 young (18432K), 2 survivors (2048K)
 Metaspace       used 57417K, committed 57664K, reserved 1105920K
  class space    used 6619K, committed 6720K, reserved 1048576K
}
Event: 37.032 GC heap after
{Heap after GC invocations=31 (full 0):
 garbage-first heap   total 101376K, used 68104K [0x00000000c0800000, 0x0000000100000000)
  region size 1024K, 2 young (2048K), 2 survivors (2048K)
 Metaspace       used 57417K, committed 57664K, reserved 1105920K
  class space    used 6619K, committed 6720K, reserved 1048576K
}
Event: 45.619 GC heap before
{Heap before GC invocations=32 (full 0):
 garbage-first heap   total 116736K, used 83464K [0x00000000c0800000, 0x0000000100000000)
  region size 1024K, 17 young (17408K), 2 survivors (2048K)
 Metaspace       used 57583K, committed 57920K, reserved 1105920K
  class space    used 6624K, committed 6784K, reserved 1048576K
}
Event: 45.888 GC heap after
{Heap after GC invocations=33 (full 0):
 garbage-first heap   total 116736K, used 69392K [0x00000000c0800000, 0x0000000100000000)
  region size 1024K, 3 young (3072K), 3 survivors (3072K)
 Metaspace       used 57583K, committed 57920K, reserved 1105920K
  class space    used 6624K, committed 6784K, reserved 1048576K
}
Event: 46.960 GC heap before
{Heap before GC invocations=33 (full 0):
 garbage-first heap   total 116736K, used 71440K [0x00000000c0800000, 0x0000000100000000)
  region size 1024K, 5 young (5120K), 3 survivors (3072K)
 Metaspace       used 57601K, committed 57920K, reserved 1105920K
  class space    used 6624K, committed 6784K, reserved 1048576K
}
Event: 46.975 GC heap after
{Heap after GC invocations=34 (full 0):
 garbage-first heap   total 116736K, used 69408K [0x00000000c0800000, 0x0000000100000000)
  region size 1024K, 1 young (1024K), 1 survivors (1024K)
 Metaspace       used 57601K, committed 57920K, reserved 1105920K
  class space    used 6624K, committed 6784K, reserved 1048576K
}
Event: 56.099 GC heap before
{Heap before GC invocations=34 (full 0):
 garbage-first heap   total 116736K, used 93984K [0x00000000c0800000, 0x0000000100000000)
  region size 1024K, 25 young (25600K), 1 survivors (1024K)
 Metaspace       used 57979K, committed 58240K, reserved 1105920K
  class space    used 6638K, committed 6784K, reserved 1048576K
}
Event: 56.111 GC heap after
{Heap after GC invocations=35 (full 0):
 garbage-first heap   total 116736K, used 71563K [0x00000000c0800000, 0x0000000100000000)
  region size 1024K, 3 young (3072K), 3 survivors (3072K)
 Metaspace       used 57979K, committed 58240K, reserved 1105920K
  class space    used 6638K, committed 6784K, reserved 1048576K
}
Event: 62.904 GC heap before
{Heap before GC invocations=35 (full 0):
 garbage-first heap   total 116736K, used 95115K [0x00000000c0800000, 0x0000000100000000)
  region size 1024K, 26 young (26624K), 3 survivors (3072K)
 Metaspace       used 58468K, committed 58752K, reserved 1105920K
  class space    used 6698K, committed 6848K, reserved 1048576K
}
Event: 62.918 GC heap after
{Heap after GC invocations=36 (full 0):
 garbage-first heap   total 116736K, used 75504K [0x00000000c0800000, 0x0000000100000000)
  region size 1024K, 4 young (4096K), 4 survivors (4096K)
 Metaspace       used 58468K, committed 58752K, reserved 1105920K
  class space    used 6698K, committed 6848K, reserved 1048576K
}
Event: 66.200 GC heap before
{Heap before GC invocations=36 (full 0):
 garbage-first heap   total 116736K, used 95984K [0x00000000c0800000, 0x0000000100000000)
  region size 1024K, 24 young (24576K), 4 survivors (4096K)
 Metaspace       used 58629K, committed 58944K, reserved 1105920K
  class space    used 6704K, committed 6848K, reserved 1048576K
}
Event: 66.220 GC heap after
{Heap after GC invocations=37 (full 0):
 garbage-first heap   total 116736K, used 77054K [0x00000000c0800000, 0x0000000100000000)
  region size 1024K, 2 young (2048K), 2 survivors (2048K)
 Metaspace       used 58629K, committed 58944K, reserved 1105920K
  class space    used 6704K, committed 6848K, reserved 1048576K
}
Event: 71.346 GC heap before
{Heap before GC invocations=38 (full 0):
 garbage-first heap   total 132096K, used 96510K [0x00000000c0800000, 0x0000000100000000)
  region size 1024K, 21 young (21504K), 2 survivors (2048K)
 Metaspace       used 59437K, committed 59776K, reserved 1105920K
  class space    used 6768K, committed 6912K, reserved 1048576K
}
Event: 71.353 GC heap after
{Heap after GC invocations=39 (full 0):
 garbage-first heap   total 132096K, used 77992K [0x00000000c0800000, 0x0000000100000000)
  region size 1024K, 3 young (3072K), 3 survivors (3072K)
 Metaspace       used 59437K, committed 59776K, reserved 1105920K
  class space    used 6768K, committed 6912K, reserved 1048576K
}
Event: 71.863 GC heap before
{Heap before GC invocations=39 (full 0):
 garbage-first heap   total 132096K, used 81064K [0x00000000c0800000, 0x0000000100000000)
  region size 1024K, 6 young (6144K), 3 survivors (3072K)
 Metaspace       used 60244K, committed 60544K, reserved 1105920K
  class space    used 6838K, committed 6976K, reserved 1048576K
}
Event: 71.878 GC heap after
{Heap after GC invocations=40 (full 0):
 garbage-first heap   total 132096K, used 77993K [0x00000000c0800000, 0x0000000100000000)
  region size 1024K, 1 young (1024K), 1 survivors (1024K)
 Metaspace       used 60244K, committed 60544K, reserved 1105920K
  class space    used 6838K, committed 6976K, reserved 1048576K
}
Event: 84.526 GC heap before
{Heap before GC invocations=40 (full 0):
 garbage-first heap   total 132096K, used 107689K [0x00000000c0800000, 0x0000000100000000)
  region size 1024K, 30 young (30720K), 1 survivors (1024K)
 Metaspace       used 62808K, committed 63040K, reserved 1105920K
  class space    used 7001K, committed 7104K, reserved 1048576K
}
Event: 84.549 GC heap after
{Heap after GC invocations=41 (full 0):
 garbage-first heap   total 132096K, used 78810K [0x00000000c0800000, 0x0000000100000000)
  region size 1024K, 2 young (2048K), 2 survivors (2048K)
 Metaspace       used 62808K, committed 63040K, reserved 1105920K
  class space    used 7001K, committed 7104K, reserved 1048576K
}

